This file contains any messages produced by compilers while
running configure, to aid debugging if configure makes a mistake.

It was created by dbacl configure 1.12, which was
generated by GNU Autoconf 2.59.  Invocation command line was

  $ ./configure 

## --------- ##
## Platform. ##
## --------- ##

hostname = ubuntu
uname -m = x86_64
uname -r = 3.2.0-32-generic
uname -s = Linux
uname -v = #51-Ubuntu SMP Wed Sep 26 21:33:09 UTC 2012

/usr/bin/uname -p = unknown
/bin/uname -X     = unknown

/bin/arch              = unknown
/usr/bin/arch -k       = unknown
/usr/convex/getsysinfo = unknown
hostinfo               = unknown
/bin/machine           = unknown
/usr/bin/oslevel       = unknown
/bin/universe          = unknown

PATH: /home/benhaynor/bin
PATH: /home/benhaynor/Applications/google_appengine
PATH: /home/benhaynor/bin
PATH: /usr/lib/lightdm/lightdm
PATH: /usr/local/sbin
PATH: /usr/local/bin
PATH: /usr/sbin
PATH: /usr/bin
PATH: /sbin
PATH: /bin
PATH: /usr/games


## ----------- ##
## Core tests. ##
## ----------- ##

configure:1348: checking build system type
configure:1366: result: x86_64-unknown-linux-gnu
configure:1374: checking host system type
configure:1388: result: x86_64-unknown-linux-gnu
configure:1396: checking target system type
configure:1410: result: x86_64-unknown-linux-gnu
configure:1444: checking for a BSD-compatible install
configure:1499: result: /usr/bin/install -c
configure:1510: checking whether build environment is sane
configure:1553: result: yes
configure:1577: WARNING: `missing' script is too old or missing
configure:1618: checking for gawk
configure:1647: result: no
configure:1618: checking for mawk
configure:1634: found /usr/bin/mawk
configure:1644: result: mawk
configure:1654: checking whether make sets $(MAKE)
configure:1674: result: yes
configure:1849: checking for style of include used by make
configure:1877: result: GNU
configure:1948: checking for gcc
configure:1964: found /usr/bin/gcc
configure:1974: result: gcc
configure:2218: checking for C compiler version
configure:2221: gcc --version </dev/null >&5
gcc (Ubuntu/Linaro 4.6.3-1ubuntu5) 4.6.3
Copyright (C) 2011 Free Software Foundation, Inc.
This is free software; see the source for copying conditions.  There is NO
warranty; not even for MERCHANTABILITY or FITNESS FOR A PARTICULAR PURPOSE.

configure:2224: $? = 0
configure:2226: gcc -v </dev/null >&5
Using built-in specs.
COLLECT_GCC=gcc
COLLECT_LTO_WRAPPER=/usr/lib/gcc/x86_64-linux-gnu/4.6/lto-wrapper
Target: x86_64-linux-gnu
Configured with: ../src/configure -v --with-pkgversion='Ubuntu/Linaro 4.6.3-1ubuntu5' --with-bugurl=file:///usr/share/doc/gcc-4.6/README.Bugs --enable-languages=c,c++,fortran,objc,obj-c++ --prefix=/usr --program-suffix=-4.6 --enable-shared --enable-linker-build-id --with-system-zlib --libexecdir=/usr/lib --without-included-gettext --enable-threads=posix --with-gxx-include-dir=/usr/include/c++/4.6 --libdir=/usr/lib --enable-nls --with-sysroot=/ --enable-clocale=gnu --enable-libstdcxx-debug --enable-libstdcxx-time=yes --enable-gnu-unique-object --enable-plugin --enable-objc-gc --disable-werror --with-arch-32=i686 --with-tune=generic --enable-checking=release --build=x86_64-linux-gnu --host=x86_64-linux-gnu --target=x86_64-linux-gnu
Thread model: posix
gcc version 4.6.3 (Ubuntu/Linaro 4.6.3-1ubuntu5) 
configure:2229: $? = 0
configure:2231: gcc -V </dev/null >&5
gcc: error: unrecognized option '-V'
gcc: fatal error: no input files
compilation terminated.
configure:2234: $? = 4
configure:2257: checking for C compiler default output file name
configure:2260: gcc    conftest.c  >&5
configure:2263: $? = 0
configure:2309: result: a.out
configure:2314: checking whether the C compiler works
configure:2320: ./a.out
configure:2323: $? = 0
configure:2340: result: yes
configure:2347: checking whether we are cross compiling
configure:2349: result: no
configure:2352: checking for suffix of executables
configure:2354: gcc -o conftest    conftest.c  >&5
configure:2357: $? = 0
configure:2382: result: 
configure:2388: checking for suffix of object files
configure:2409: gcc -c   conftest.c >&5
configure:2412: $? = 0
configure:2434: result: o
configure:2438: checking whether we are using the GNU C compiler
configure:2462: gcc -c   conftest.c >&5
configure:2468: $? = 0
configure:2471: test -z 			 || test ! -s conftest.err
configure:2474: $? = 0
configure:2477: test -s conftest.o
configure:2480: $? = 0
configure:2493: result: yes
configure:2499: checking whether gcc accepts -g
configure:2520: gcc -c -g  conftest.c >&5
configure:2526: $? = 0
configure:2529: test -z 			 || test ! -s conftest.err
configure:2532: $? = 0
configure:2535: test -s conftest.o
configure:2538: $? = 0
configure:2549: result: yes
configure:2566: checking for gcc option to accept ANSI C
configure:2636: gcc  -c -g -O2  conftest.c >&5
configure:2642: $? = 0
configure:2645: test -z 			 || test ! -s conftest.err
configure:2648: $? = 0
configure:2651: test -s conftest.o
configure:2654: $? = 0
configure:2672: result: none needed
configure:2690: gcc -c -g -O2  conftest.c >&5
conftest.c:2:3: error: unknown type name 'choke'
conftest.c:2:3: error: expected '=', ',', ';', 'asm' or '__attribute__' at end of input
configure:2696: $? = 1
configure: failed program was:
| #ifndef __cplusplus
|   choke me
| #endif
configure:2828: checking dependency style of gcc
configure:2918: result: gcc3
configure:2941: checking how to run the C preprocessor
configure:2976: gcc -E  conftest.c
configure:2982: $? = 0
configure:3014: gcc -E  conftest.c
conftest.c:10:28: fatal error: ac_nonexistent.h: No such file or directory
compilation terminated.
configure:3020: $? = 1
configure: failed program was:
| /* confdefs.h.  */
| 
| #define PACKAGE_NAME "dbacl"
| #define PACKAGE_TARNAME "dbacl"
| #define PACKAGE_VERSION "1.12"
| #define PACKAGE_STRING "dbacl 1.12"
| #define PACKAGE_BUGREPORT "laird@lbreyer.com"
| #define _GNU_SOURCE 1
| /* end confdefs.h.  */
| #include <ac_nonexistent.h>
configure:3059: result: gcc -E
configure:3083: gcc -E  conftest.c
configure:3089: $? = 0
configure:3121: gcc -E  conftest.c
conftest.c:10:28: fatal error: ac_nonexistent.h: No such file or directory
compilation terminated.
configure:3127: $? = 1
configure: failed program was:
| /* confdefs.h.  */
| 
| #define PACKAGE_NAME "dbacl"
| #define PACKAGE_TARNAME "dbacl"
| #define PACKAGE_VERSION "1.12"
| #define PACKAGE_STRING "dbacl 1.12"
| #define PACKAGE_BUGREPORT "laird@lbreyer.com"
| #define _GNU_SOURCE 1
| /* end confdefs.h.  */
| #include <ac_nonexistent.h>
configure:3171: checking for egrep
configure:3181: result: grep -E
configure:3187: checking for AIX
configure:3209: result: no
configure:3215: checking for ANSI C header files
configure:3240: gcc -c -g -O2  conftest.c >&5
configure:3246: $? = 0
configure:3249: test -z 			 || test ! -s conftest.err
configure:3252: $? = 0
configure:3255: test -s conftest.o
configure:3258: $? = 0
configure:3347: gcc -o conftest -g -O2   conftest.c  >&5
conftest.c: In function 'main':
conftest.c:27:7: warning: incompatible implicit declaration of built-in function 'exit' [enabled by default]
configure:3350: $? = 0
configure:3352: ./conftest
configure:3355: $? = 0
configure:3370: result: yes
configure:3394: checking for sys/types.h
configure:3410: gcc -c -g -O2  conftest.c >&5
configure:3416: $? = 0
configure:3419: test -z 			 || test ! -s conftest.err
configure:3422: $? = 0
configure:3425: test -s conftest.o
configure:3428: $? = 0
configure:3439: result: yes
configure:3394: checking for sys/stat.h
configure:3410: gcc -c -g -O2  conftest.c >&5
configure:3416: $? = 0
configure:3419: test -z 			 || test ! -s conftest.err
configure:3422: $? = 0
configure:3425: test -s conftest.o
configure:3428: $? = 0
configure:3439: result: yes
configure:3394: checking for stdlib.h
configure:3410: gcc -c -g -O2  conftest.c >&5
configure:3416: $? = 0
configure:3419: test -z 			 || test ! -s conftest.err
configure:3422: $? = 0
configure:3425: test -s conftest.o
configure:3428: $? = 0
configure:3439: result: yes
configure:3394: checking for string.h
configure:3410: gcc -c -g -O2  conftest.c >&5
configure:3416: $? = 0
configure:3419: test -z 			 || test ! -s conftest.err
configure:3422: $? = 0
configure:3425: test -s conftest.o
configure:3428: $? = 0
configure:3439: result: yes
configure:3394: checking for memory.h
configure:3410: gcc -c -g -O2  conftest.c >&5
configure:3416: $? = 0
configure:3419: test -z 			 || test ! -s conftest.err
configure:3422: $? = 0
configure:3425: test -s conftest.o
configure:3428: $? = 0
configure:3439: result: yes
configure:3394: checking for strings.h
configure:3410: gcc -c -g -O2  conftest.c >&5
configure:3416: $? = 0
configure:3419: test -z 			 || test ! -s conftest.err
configure:3422: $? = 0
configure:3425: test -s conftest.o
configure:3428: $? = 0
configure:3439: result: yes
configure:3394: checking for inttypes.h
configure:3410: gcc -c -g -O2  conftest.c >&5
configure:3416: $? = 0
configure:3419: test -z 			 || test ! -s conftest.err
configure:3422: $? = 0
configure:3425: test -s conftest.o
configure:3428: $? = 0
configure:3439: result: yes
configure:3394: checking for stdint.h
configure:3410: gcc -c -g -O2  conftest.c >&5
configure:3416: $? = 0
configure:3419: test -z 			 || test ! -s conftest.err
configure:3422: $? = 0
configure:3425: test -s conftest.o
configure:3428: $? = 0
configure:3439: result: yes
configure:3394: checking for unistd.h
configure:3410: gcc -c -g -O2  conftest.c >&5
configure:3416: $? = 0
configure:3419: test -z 			 || test ! -s conftest.err
configure:3422: $? = 0
configure:3425: test -s conftest.o
configure:3428: $? = 0
configure:3439: result: yes
configure:3461: checking minix/config.h usability
configure:3473: gcc -c -g -O2  conftest.c >&5
conftest.c:54:26: fatal error: minix/config.h: No such file or directory
compilation terminated.
configure:3479: $? = 1
configure: failed program was:
| /* confdefs.h.  */
| 
| #define PACKAGE_NAME "dbacl"
| #define PACKAGE_TARNAME "dbacl"
| #define PACKAGE_VERSION "1.12"
| #define PACKAGE_STRING "dbacl 1.12"
| #define PACKAGE_BUGREPORT "laird@lbreyer.com"
| #define _GNU_SOURCE 1
| #define STDC_HEADERS 1
| #define HAVE_SYS_TYPES_H 1
| #define HAVE_SYS_STAT_H 1
| #define HAVE_STDLIB_H 1
| #define HAVE_STRING_H 1
| #define HAVE_MEMORY_H 1
| #define HAVE_STRINGS_H 1
| #define HAVE_INTTYPES_H 1
| #define HAVE_STDINT_H 1
| #define HAVE_UNISTD_H 1
| /* end confdefs.h.  */
| #include <stdio.h>
| #if HAVE_SYS_TYPES_H
| # include <sys/types.h>
| #endif
| #if HAVE_SYS_STAT_H
| # include <sys/stat.h>
| #endif
| #if STDC_HEADERS
| # include <stdlib.h>
| # include <stddef.h>
| #else
| # if HAVE_STDLIB_H
| #  include <stdlib.h>
| # endif
| #endif
| #if HAVE_STRING_H
| # if !STDC_HEADERS && HAVE_MEMORY_H
| #  include <memory.h>
| # endif
| # include <string.h>
| #endif
| #if HAVE_STRINGS_H
| # include <strings.h>
| #endif
| #if HAVE_INTTYPES_H
| # include <inttypes.h>
| #else
| # if HAVE_STDINT_H
| #  include <stdint.h>
| # endif
| #endif
| #if HAVE_UNISTD_H
| # include <unistd.h>
| #endif
| #include <minix/config.h>
configure:3501: result: no
configure:3505: checking minix/config.h presence
configure:3515: gcc -E  conftest.c
conftest.c:20:26: fatal error: minix/config.h: No such file or directory
compilation terminated.
configure:3521: $? = 1
configure: failed program was:
| /* confdefs.h.  */
| 
| #define PACKAGE_NAME "dbacl"
| #define PACKAGE_TARNAME "dbacl"
| #define PACKAGE_VERSION "1.12"
| #define PACKAGE_STRING "dbacl 1.12"
| #define PACKAGE_BUGREPORT "laird@lbreyer.com"
| #define _GNU_SOURCE 1
| #define STDC_HEADERS 1
| #define HAVE_SYS_TYPES_H 1
| #define HAVE_SYS_STAT_H 1
| #define HAVE_STDLIB_H 1
| #define HAVE_STRING_H 1
| #define HAVE_MEMORY_H 1
| #define HAVE_STRINGS_H 1
| #define HAVE_INTTYPES_H 1
| #define HAVE_STDINT_H 1
| #define HAVE_UNISTD_H 1
| /* end confdefs.h.  */
| #include <minix/config.h>
configure:3541: result: no
configure:3576: checking for minix/config.h
configure:3583: result: no
configure:3717: checking for gcc
configure:3743: result: gcc
configure:3987: checking for C compiler version
configure:3990: gcc --version </dev/null >&5
gcc (Ubuntu/Linaro 4.6.3-1ubuntu5) 4.6.3
Copyright (C) 2011 Free Software Foundation, Inc.
This is free software; see the source for copying conditions.  There is NO
warranty; not even for MERCHANTABILITY or FITNESS FOR A PARTICULAR PURPOSE.

configure:3993: $? = 0
configure:3995: gcc -v </dev/null >&5
Using built-in specs.
COLLECT_GCC=gcc
COLLECT_LTO_WRAPPER=/usr/lib/gcc/x86_64-linux-gnu/4.6/lto-wrapper
Target: x86_64-linux-gnu
Configured with: ../src/configure -v --with-pkgversion='Ubuntu/Linaro 4.6.3-1ubuntu5' --with-bugurl=file:///usr/share/doc/gcc-4.6/README.Bugs --enable-languages=c,c++,fortran,objc,obj-c++ --prefix=/usr --program-suffix=-4.6 --enable-shared --enable-linker-build-id --with-system-zlib --libexecdir=/usr/lib --without-included-gettext --enable-threads=posix --with-gxx-include-dir=/usr/include/c++/4.6 --libdir=/usr/lib --enable-nls --with-sysroot=/ --enable-clocale=gnu --enable-libstdcxx-debug --enable-libstdcxx-time=yes --enable-gnu-unique-object --enable-plugin --enable-objc-gc --disable-werror --with-arch-32=i686 --with-tune=generic --enable-checking=release --build=x86_64-linux-gnu --host=x86_64-linux-gnu --target=x86_64-linux-gnu
Thread model: posix
gcc version 4.6.3 (Ubuntu/Linaro 4.6.3-1ubuntu5) 
configure:3998: $? = 0
configure:4000: gcc -V </dev/null >&5
gcc: error: unrecognized option '-V'
gcc: fatal error: no input files
compilation terminated.
configure:4003: $? = 4
configure:4006: checking whether we are using the GNU C compiler
configure:4061: result: yes
configure:4067: checking whether gcc accepts -g
configure:4117: result: yes
configure:4134: checking for gcc option to accept ANSI C
configure:4240: result: none needed
configure:4258: gcc -c -g -O2  conftest.c >&5
conftest.c:2:3: error: unknown type name 'choke'
conftest.c:2:3: error: expected '=', ',', ';', 'asm' or '__attribute__' at end of input
configure:4264: $? = 1
configure: failed program was:
| #ifndef __cplusplus
|   choke me
| #endif
configure:4396: checking dependency style of gcc
configure:4486: result: gcc3
configure:4516: checking for a BSD-compatible install
configure:4571: result: /usr/bin/install -c
configure:4586: checking for flex
configure:4615: result: no
configure:4586: checking for lex
configure:4615: result: no
configure:4625: checking for yywrap in -lfl
configure:4655: gcc -o conftest -g -O2   conftest.c -lfl   >&5
/usr/bin/ld: cannot find -lfl
collect2: ld returned 1 exit status
configure:4661: $? = 1
configure: failed program was:
| /* confdefs.h.  */
| 
| #define PACKAGE_NAME "dbacl"
| #define PACKAGE_TARNAME "dbacl"
| #define PACKAGE_VERSION "1.12"
| #define PACKAGE_STRING "dbacl 1.12"
| #define PACKAGE_BUGREPORT "laird@lbreyer.com"
| #define _GNU_SOURCE 1
| #define STDC_HEADERS 1
| #define HAVE_SYS_TYPES_H 1
| #define HAVE_SYS_STAT_H 1
| #define HAVE_STDLIB_H 1
| #define HAVE_STRING_H 1
| #define HAVE_MEMORY_H 1
| #define HAVE_STRINGS_H 1
| #define HAVE_INTTYPES_H 1
| #define HAVE_STDINT_H 1
| #define HAVE_UNISTD_H 1
| #define OS_LINUX
| #define TARGETCPU "x86_64-unknown-linux-gnu"
| /* end confdefs.h.  */
| 
| /* Override any gcc2 internal prototype to avoid an error.  */
| #ifdef __cplusplus
| extern "C"
| #endif
| /* We use char because int might match the return type of a gcc2
|    builtin and then its argument prototype would still apply.  */
| char yywrap ();
| int
| main ()
| {
| yywrap ();
|   ;
|   return 0;
| }
configure:4686: result: no
configure:4691: checking for yywrap in -ll
configure:4721: gcc -o conftest -g -O2   conftest.c -ll   >&5
/usr/bin/ld: cannot find -ll
collect2: ld returned 1 exit status
configure:4727: $? = 1
configure: failed program was:
| /* confdefs.h.  */
| 
| #define PACKAGE_NAME "dbacl"
| #define PACKAGE_TARNAME "dbacl"
| #define PACKAGE_VERSION "1.12"
| #define PACKAGE_STRING "dbacl 1.12"
| #define PACKAGE_BUGREPORT "laird@lbreyer.com"
| #define _GNU_SOURCE 1
| #define STDC_HEADERS 1
| #define HAVE_SYS_TYPES_H 1
| #define HAVE_SYS_STAT_H 1
| #define HAVE_STDLIB_H 1
| #define HAVE_STRING_H 1
| #define HAVE_MEMORY_H 1
| #define HAVE_STRINGS_H 1
| #define HAVE_INTTYPES_H 1
| #define HAVE_STDINT_H 1
| #define HAVE_UNISTD_H 1
| #define OS_LINUX
| #define TARGETCPU "x86_64-unknown-linux-gnu"
| /* end confdefs.h.  */
| 
| /* Override any gcc2 internal prototype to avoid an error.  */
| #ifdef __cplusplus
| extern "C"
| #endif
| /* We use char because int might match the return type of a gcc2
|    builtin and then its argument prototype would still apply.  */
| char yywrap ();
| int
| main ()
| {
| yywrap ();
|   ;
|   return 0;
| }
configure:4752: result: no
configure:4860: checking for bison
configure:4889: result: no
configure:4860: checking for byacc
configure:4889: result: no
configure:4900: checking for log in -lm
configure:4930: gcc -o conftest -g -O2   conftest.c -lm   >&5
conftest.c:29:6: warning: conflicting types for built-in function 'log' [enabled by default]
configure:4936: $? = 0
configure:4939: test -z 			 || test ! -s conftest.err
configure:4942: $? = 0
configure:4945: test -s conftest
configure:4948: $? = 0
configure:4961: result: yes
configure:4979: checking for initscr in -lncurses
configure:5009: gcc -o conftest -g -O2   conftest.c -lncurses  -lm  >&5
configure:5015: $? = 0
configure:5018: test -z 			 || test ! -s conftest.err
configure:5021: $? = 0
configure:5024: test -s conftest
configure:5027: $? = 0
configure:5040: result: yes
configure:5044: checking for readline in -lreadline
configure:5074: gcc -o conftest -g -O2   conftest.c -lreadline  -lm  >&5
configure:5080: $? = 0
configure:5083: test -z 			 || test ! -s conftest.err
configure:5086: $? = 0
configure:5089: test -s conftest
configure:5092: $? = 0
configure:5105: result: yes
configure:5109: checking for SLsmg_init_smg in -lslang
configure:5139: gcc -o conftest -g -O2   conftest.c -lslang  -lm  >&5
/usr/bin/ld: cannot find -lslang
collect2: ld returned 1 exit status
configure:5145: $? = 1
configure: failed program was:
| /* confdefs.h.  */
| 
| #define PACKAGE_NAME "dbacl"
| #define PACKAGE_TARNAME "dbacl"
| #define PACKAGE_VERSION "1.12"
| #define PACKAGE_STRING "dbacl 1.12"
| #define PACKAGE_BUGREPORT "laird@lbreyer.com"
| #define _GNU_SOURCE 1
| #define STDC_HEADERS 1
| #define HAVE_SYS_TYPES_H 1
| #define HAVE_SYS_STAT_H 1
| #define HAVE_STDLIB_H 1
| #define HAVE_STRING_H 1
| #define HAVE_MEMORY_H 1
| #define HAVE_STRINGS_H 1
| #define HAVE_INTTYPES_H 1
| #define HAVE_STDINT_H 1
| #define HAVE_UNISTD_H 1
| #define OS_LINUX
| #define TARGETCPU "x86_64-unknown-linux-gnu"
| #define HAVE_LIBM 1
| /* end confdefs.h.  */
| 
| /* Override any gcc2 internal prototype to avoid an error.  */
| #ifdef __cplusplus
| extern "C"
| #endif
| /* We use char because int might match the return type of a gcc2
|    builtin and then its argument prototype would still apply.  */
| char SLsmg_init_smg ();
| int
| main ()
| {
| SLsmg_init_smg ();
|   ;
|   return 0;
| }
configure:5170: result: no
configure:5195: WARNING: libslang missing, disabling interactive mailinspect
configure:5213: checking for ANSI C header files
configure:5368: result: yes
configure:5397: checking features.h usability
configure:5409: gcc -c -g -O2  conftest.c >&5
configure:5415: $? = 0
configure:5418: test -z 			 || test ! -s conftest.err
configure:5421: $? = 0
configure:5424: test -s conftest.o
configure:5427: $? = 0
configure:5437: result: yes
configure:5441: checking features.h presence
configure:5451: gcc -E  conftest.c
configure:5457: $? = 0
configure:5477: result: yes
configure:5512: checking for features.h
configure:5519: result: yes
configure:5397: checking langinfo.h usability
configure:5409: gcc -c -g -O2  conftest.c >&5
configure:5415: $? = 0
configure:5418: test -z 			 || test ! -s conftest.err
configure:5421: $? = 0
configure:5424: test -s conftest.o
configure:5427: $? = 0
configure:5437: result: yes
configure:5441: checking langinfo.h presence
configure:5451: gcc -E  conftest.c
configure:5457: $? = 0
configure:5477: result: yes
configure:5512: checking for langinfo.h
configure:5519: result: yes
configure:5388: checking for unistd.h
configure:5393: result: yes
configure:5397: checking sys/mman.h usability
configure:5409: gcc -c -g -O2  conftest.c >&5
configure:5415: $? = 0
configure:5418: test -z 			 || test ! -s conftest.err
configure:5421: $? = 0
configure:5424: test -s conftest.o
configure:5427: $? = 0
configure:5437: result: yes
configure:5441: checking sys/mman.h presence
configure:5451: gcc -E  conftest.c
configure:5457: $? = 0
configure:5477: result: yes
configure:5512: checking for sys/mman.h
configure:5519: result: yes
configure:5397: checking mman.h usability
configure:5409: gcc -c -g -O2  conftest.c >&5
conftest.c:62:18: fatal error: mman.h: No such file or directory
compilation terminated.
configure:5415: $? = 1
configure: failed program was:
| /* confdefs.h.  */
| 
| #define PACKAGE_NAME "dbacl"
| #define PACKAGE_TARNAME "dbacl"
| #define PACKAGE_VERSION "1.12"
| #define PACKAGE_STRING "dbacl 1.12"
| #define PACKAGE_BUGREPORT "laird@lbreyer.com"
| #define _GNU_SOURCE 1
| #define STDC_HEADERS 1
| #define HAVE_SYS_TYPES_H 1
| #define HAVE_SYS_STAT_H 1
| #define HAVE_STDLIB_H 1
| #define HAVE_STRING_H 1
| #define HAVE_MEMORY_H 1
| #define HAVE_STRINGS_H 1
| #define HAVE_INTTYPES_H 1
| #define HAVE_STDINT_H 1
| #define HAVE_UNISTD_H 1
| #define OS_LINUX
| #define TARGETCPU "x86_64-unknown-linux-gnu"
| #define HAVE_LIBM 1
| #define STDC_HEADERS 1
| #define HAVE_FEATURES_H 1
| #define HAVE_LANGINFO_H 1
| #define HAVE_UNISTD_H 1
| #define HAVE_SYS_MMAN_H 1
| /* end confdefs.h.  */
| #include <stdio.h>
| #if HAVE_SYS_TYPES_H
| # include <sys/types.h>
| #endif
| #if HAVE_SYS_STAT_H
| # include <sys/stat.h>
| #endif
| #if STDC_HEADERS
| # include <stdlib.h>
| # include <stddef.h>
| #else
| # if HAVE_STDLIB_H
| #  include <stdlib.h>
| # endif
| #endif
| #if HAVE_STRING_H
| # if !STDC_HEADERS && HAVE_MEMORY_H
| #  include <memory.h>
| # endif
| # include <string.h>
| #endif
| #if HAVE_STRINGS_H
| # include <strings.h>
| #endif
| #if HAVE_INTTYPES_H
| # include <inttypes.h>
| #else
| # if HAVE_STDINT_H
| #  include <stdint.h>
| # endif
| #endif
| #if HAVE_UNISTD_H
| # include <unistd.h>
| #endif
| #include <mman.h>
configure:5437: result: no
configure:5441: checking mman.h presence
configure:5451: gcc -E  conftest.c
conftest.c:28:18: fatal error: mman.h: No such file or directory
compilation terminated.
configure:5457: $? = 1
configure: failed program was:
| /* confdefs.h.  */
| 
| #define PACKAGE_NAME "dbacl"
| #define PACKAGE_TARNAME "dbacl"
| #define PACKAGE_VERSION "1.12"
| #define PACKAGE_STRING "dbacl 1.12"
| #define PACKAGE_BUGREPORT "laird@lbreyer.com"
| #define _GNU_SOURCE 1
| #define STDC_HEADERS 1
| #define HAVE_SYS_TYPES_H 1
| #define HAVE_SYS_STAT_H 1
| #define HAVE_STDLIB_H 1
| #define HAVE_STRING_H 1
| #define HAVE_MEMORY_H 1
| #define HAVE_STRINGS_H 1
| #define HAVE_INTTYPES_H 1
| #define HAVE_STDINT_H 1
| #define HAVE_UNISTD_H 1
| #define OS_LINUX
| #define TARGETCPU "x86_64-unknown-linux-gnu"
| #define HAVE_LIBM 1
| #define STDC_HEADERS 1
| #define HAVE_FEATURES_H 1
| #define HAVE_LANGINFO_H 1
| #define HAVE_UNISTD_H 1
| #define HAVE_SYS_MMAN_H 1
| /* end confdefs.h.  */
| #include <mman.h>
configure:5477: result: no
configure:5512: checking for mman.h
configure:5519: result: no
configure:5397: checking netinet/in.h usability
configure:5409: gcc -c -g -O2  conftest.c >&5
configure:5415: $? = 0
configure:5418: test -z 			 || test ! -s conftest.err
configure:5421: $? = 0
configure:5424: test -s conftest.o
configure:5427: $? = 0
configure:5437: result: yes
configure:5441: checking netinet/in.h presence
configure:5451: gcc -E  conftest.c
configure:5457: $? = 0
configure:5477: result: yes
configure:5512: checking for netinet/in.h
configure:5519: result: yes
configure:5547: checking wchar.h usability
configure:5559: gcc -c -g -O2  conftest.c >&5
configure:5565: $? = 0
configure:5568: test -z 			 || test ! -s conftest.err
configure:5571: $? = 0
configure:5574: test -s conftest.o
configure:5577: $? = 0
configure:5587: result: yes
configure:5591: checking wchar.h presence
configure:5601: gcc -E  conftest.c
configure:5607: $? = 0
configure:5627: result: yes
configure:5662: checking for wchar.h
configure:5669: result: yes
configure:5547: checking wctype.h usability
configure:5559: gcc -c -g -O2  conftest.c >&5
configure:5565: $? = 0
configure:5568: test -z 			 || test ! -s conftest.err
configure:5571: $? = 0
configure:5574: test -s conftest.o
configure:5577: $? = 0
configure:5587: result: yes
configure:5591: checking wctype.h presence
configure:5601: gcc -E  conftest.c
configure:5607: $? = 0
configure:5627: result: yes
configure:5662: checking for wctype.h
configure:5669: result: yes
configure:5689: checking for an ANSI C-conforming const
configure:5756: gcc -c -g -O2  conftest.c >&5
configure:5762: $? = 0
configure:5765: test -z 			 || test ! -s conftest.err
configure:5768: $? = 0
configure:5771: test -s conftest.o
configure:5774: $? = 0
configure:5785: result: yes
configure:5795: checking for size_t
configure:5819: gcc -c -g -O2  conftest.c >&5
configure:5825: $? = 0
configure:5828: test -z 			 || test ! -s conftest.err
configure:5831: $? = 0
configure:5834: test -s conftest.o
configure:5837: $? = 0
configure:5848: result: yes
configure:5863: checking whether mbrtowc and mbstate_t are properly declared
configure:5884: gcc -o conftest -g -O2   conftest.c -lm  >&5
configure:5890: $? = 0
configure:5893: test -z 			 || test ! -s conftest.err
configure:5896: $? = 0
configure:5899: test -s conftest
configure:5902: $? = 0
configure:5914: result: yes
configure:5930: checking for stdlib.h
configure:5935: result: yes
configure:5930: checking for unistd.h
configure:5935: result: yes
configure:6078: checking for getpagesize
configure:6135: gcc -o conftest -g -O2   conftest.c -lm  >&5
configure:6141: $? = 0
configure:6144: test -z 			 || test ! -s conftest.err
configure:6147: $? = 0
configure:6150: test -s conftest
configure:6153: $? = 0
configure:6165: result: yes
configure:6175: checking for working mmap
configure:6317: gcc -o conftest -g -O2   conftest.c -lm  >&5
configure:6320: $? = 0
configure:6322: ./conftest
configure:6325: $? = 0
configure:6339: result: yes
configure:6354: checking for vprintf
configure:6411: gcc -o conftest -g -O2   conftest.c -lm  >&5
conftest.c:60:6: warning: conflicting types for built-in function 'vprintf' [enabled by default]
configure:6417: $? = 0
configure:6420: test -z 			 || test ! -s conftest.err
configure:6423: $? = 0
configure:6426: test -s conftest
configure:6429: $? = 0
configure:6441: result: yes
configure:6448: checking for _doprnt
configure:6505: gcc -o conftest -g -O2   conftest.c -lm  >&5
/tmp/ccsNPxwV.o:(.data+0x0): undefined reference to `_doprnt'
/tmp/ccsNPxwV.o: In function `main':
/home/benhaynor/Documents/FunProjects/RideMapper/dbacl/dbacl-1.12/conftest.c:77: undefined reference to `_doprnt'
collect2: ld returned 1 exit status
configure:6511: $? = 1
configure: failed program was:
| /* confdefs.h.  */
| 
| #define PACKAGE_NAME "dbacl"
| #define PACKAGE_TARNAME "dbacl"
| #define PACKAGE_VERSION "1.12"
| #define PACKAGE_STRING "dbacl 1.12"
| #define PACKAGE_BUGREPORT "laird@lbreyer.com"
| #define _GNU_SOURCE 1
| #define STDC_HEADERS 1
| #define HAVE_SYS_TYPES_H 1
| #define HAVE_SYS_STAT_H 1
| #define HAVE_STDLIB_H 1
| #define HAVE_STRING_H 1
| #define HAVE_MEMORY_H 1
| #define HAVE_STRINGS_H 1
| #define HAVE_INTTYPES_H 1
| #define HAVE_STDINT_H 1
| #define HAVE_UNISTD_H 1
| #define OS_LINUX
| #define TARGETCPU "x86_64-unknown-linux-gnu"
| #define HAVE_LIBM 1
| #define STDC_HEADERS 1
| #define HAVE_FEATURES_H 1
| #define HAVE_LANGINFO_H 1
| #define HAVE_UNISTD_H 1
| #define HAVE_SYS_MMAN_H 1
| #define HAVE_NETINET_IN_H 1
| #define HAVE_WCHAR_H 1
| #define HAVE_WCTYPE_H 1
| #define HAVE_MBRTOWC 1
| #define HAVE_STDLIB_H 1
| #define HAVE_UNISTD_H 1
| #define HAVE_GETPAGESIZE 1
| #define HAVE_MMAP 1
| #define HAVE_VPRINTF 1
| /* end confdefs.h.  */
| /* Define _doprnt to an innocuous variant, in case <limits.h> declares _doprnt.
|    For example, HP-UX 11i <limits.h> declares gettimeofday.  */
| #define _doprnt innocuous__doprnt
| 
| /* System header to define __stub macros and hopefully few prototypes,
|     which can conflict with char _doprnt (); below.
|     Prefer <limits.h> to <assert.h> if __STDC__ is defined, since
|     <limits.h> exists even on freestanding compilers.  */
| 
| #ifdef __STDC__
| # include <limits.h>
| #else
| # include <assert.h>
| #endif
| 
| #undef _doprnt
| 
| /* Override any gcc2 internal prototype to avoid an error.  */
| #ifdef __cplusplus
| extern "C"
| {
| #endif
| /* We use char because int might match the return type of a gcc2
|    builtin and then its argument prototype would still apply.  */
| char _doprnt ();
| /* The GNU C library defines this for functions which it implements
|     to always fail with ENOSYS.  Some functions are actually named
|     something starting with __ and the normal name is an alias.  */
| #if defined (__stub__doprnt) || defined (__stub____doprnt)
| choke me
| #else
| char (*f) () = _doprnt;
| #endif
| #ifdef __cplusplus
| }
| #endif
| 
| int
| main ()
| {
| return f != _doprnt;
|   ;
|   return 0;
| }
configure:6535: result: no
configure:6549: checking for function prototypes
configure:6552: result: yes
configure:6569: checking whether setvbuf arguments are reversed
configure:6594: gcc -o conftest -g -O2   conftest.c -lm  >&5
conftest.c:41:10: error: conflicting types for 'setvbuf'
/usr/include/stdio.h:337:12: note: previous declaration of 'setvbuf' was here
configure:6600: $? = 1
configure: failed program was:
| /* confdefs.h.  */
| 
| #define PACKAGE_NAME "dbacl"
| #define PACKAGE_TARNAME "dbacl"
| #define PACKAGE_VERSION "1.12"
| #define PACKAGE_STRING "dbacl 1.12"
| #define PACKAGE_BUGREPORT "laird@lbreyer.com"
| #define _GNU_SOURCE 1
| #define STDC_HEADERS 1
| #define HAVE_SYS_TYPES_H 1
| #define HAVE_SYS_STAT_H 1
| #define HAVE_STDLIB_H 1
| #define HAVE_STRING_H 1
| #define HAVE_MEMORY_H 1
| #define HAVE_STRINGS_H 1
| #define HAVE_INTTYPES_H 1
| #define HAVE_STDINT_H 1
| #define HAVE_UNISTD_H 1
| #define OS_LINUX
| #define TARGETCPU "x86_64-unknown-linux-gnu"
| #define HAVE_LIBM 1
| #define STDC_HEADERS 1
| #define HAVE_FEATURES_H 1
| #define HAVE_LANGINFO_H 1
| #define HAVE_UNISTD_H 1
| #define HAVE_SYS_MMAN_H 1
| #define HAVE_NETINET_IN_H 1
| #define HAVE_WCHAR_H 1
| #define HAVE_WCTYPE_H 1
| #define HAVE_MBRTOWC 1
| #define HAVE_STDLIB_H 1
| #define HAVE_UNISTD_H 1
| #define HAVE_GETPAGESIZE 1
| #define HAVE_MMAP 1
| #define HAVE_VPRINTF 1
| #define PROTOTYPES 1
| #define __PROTOTYPES 1
| /* end confdefs.h.  */
| #include <stdio.h>
| #	  if PROTOTYPES
| 	   int (setvbuf) (FILE *, int, char *, size_t);
| #	  endif
| int
| main ()
| {
| char buf; return setvbuf (stdout, _IOLBF, &buf, 1);
|   ;
|   return 0;
| }
configure:6719: result: no
configure:6735: checking for getpagesize
configure:6822: result: yes
configure:6735: checking for madvise
configure:6792: gcc -o conftest -g -O2   conftest.c -lm  >&5
configure:6798: $? = 0
configure:6801: test -z 			 || test ! -s conftest.err
configure:6804: $? = 0
configure:6807: test -s conftest
configure:6810: $? = 0
configure:6822: result: yes
configure:6735: checking for sigaction
configure:6792: gcc -o conftest -g -O2   conftest.c -lm  >&5
configure:6798: $? = 0
configure:6801: test -z 			 || test ! -s conftest.err
configure:6804: $? = 0
configure:6807: test -s conftest
configure:6810: $? = 0
configure:6822: result: yes
configure:6835: checking for working posix_memalign
configure:6864: gcc -o conftest -g -O2   conftest.c -lm  >&5
configure:6867: $? = 0
configure:6869: ./conftest
configure:6872: $? = 0
configure:6886: result: yes
configure:7004: checking for wcstol
configure:7061: gcc -o conftest -g -O2   conftest.c -lm  >&5
configure:7067: $? = 0
configure:7070: test -z 			 || test ! -s conftest.err
configure:7073: $? = 0
configure:7076: test -s conftest
configure:7079: $? = 0
configure:7091: result: yes
configure:7226: creating ./config.status

## ---------------------- ##
## Running config.status. ##
## ---------------------- ##

This file was extended by dbacl config.status 1.12, which was
generated by GNU Autoconf 2.59.  Invocation command line was

  CONFIG_FILES    = 
  CONFIG_HEADERS  = 
  CONFIG_LINKS    = 
  CONFIG_COMMANDS = 
  $ ./config.status 

on ubuntu

config.status:755: creating Makefile
config.status:755: creating doc/Makefile
config.status:755: creating src/Makefile
config.status:755: creating src/tests/Makefile
config.status:755: creating man/Makefile
config.status:755: creating ts/Makefile
config.status:755: creating TREC/Makefile
config.status:755: creating contrib/Makefile
config.status:755: creating doc/chess/Makefile
config.status:821: creating src/config.h
config.status:1171: executing depfiles commands

## ---------------- ##
## Cache variables. ##
## ---------------- ##

ac_cv_build=x86_64-unknown-linux-gnu
ac_cv_build_alias=x86_64-unknown-linux-gnu
ac_cv_c_compiler_gnu=yes
ac_cv_c_const=yes
ac_cv_env_CC_set=
ac_cv_env_CC_value=
ac_cv_env_CFLAGS_set=
ac_cv_env_CFLAGS_value=
ac_cv_env_CPPFLAGS_set=
ac_cv_env_CPPFLAGS_value=
ac_cv_env_CPP_set=
ac_cv_env_CPP_value=
ac_cv_env_LDFLAGS_set=
ac_cv_env_LDFLAGS_value=
ac_cv_env_build_alias_set=
ac_cv_env_build_alias_value=
ac_cv_env_host_alias_set=
ac_cv_env_host_alias_value=
ac_cv_env_target_alias_set=
ac_cv_env_target_alias_value=
ac_cv_exeext=
ac_cv_func__doprnt=no
ac_cv_func_getpagesize=yes
ac_cv_func_madvise=yes
ac_cv_func_mbrtowc=yes
ac_cv_func_mmap_fixed_mapped=yes
ac_cv_func_setvbuf_reversed=no
ac_cv_func_sigaction=yes
ac_cv_func_vprintf=yes
ac_cv_func_wcstol=yes
ac_cv_header_features_h=yes
ac_cv_header_inttypes_h=yes
ac_cv_header_langinfo_h=yes
ac_cv_header_memory_h=yes
ac_cv_header_minix_config_h=no
ac_cv_header_mman_h=no
ac_cv_header_netinet_in_h=yes
ac_cv_header_stdc=yes
ac_cv_header_stdint_h=yes
ac_cv_header_stdlib_h=yes
ac_cv_header_string_h=yes
ac_cv_header_strings_h=yes
ac_cv_header_sys_mman_h=yes
ac_cv_header_sys_stat_h=yes
ac_cv_header_sys_types_h=yes
ac_cv_header_unistd_h=yes
ac_cv_header_wchar_h=yes
ac_cv_header_wctype_h=yes
ac_cv_host=x86_64-unknown-linux-gnu
ac_cv_host_alias=x86_64-unknown-linux-gnu
ac_cv_lib_fl_yywrap=no
ac_cv_lib_l_yywrap=no
ac_cv_lib_m_log=yes
ac_cv_lib_ncurses_initscr=yes
ac_cv_lib_readline_readline=yes
ac_cv_lib_slang_SLsmg_init_smg=no
ac_cv_objext=o
ac_cv_path_install='/usr/bin/install -c'
ac_cv_prog_AWK=mawk
ac_cv_prog_CPP='gcc -E'
ac_cv_prog_ac_ct_CC=gcc
ac_cv_prog_cc_g=yes
ac_cv_prog_cc_stdc=
ac_cv_prog_egrep='grep -E'
ac_cv_prog_make_make_set=yes
ac_cv_target=x86_64-unknown-linux-gnu
ac_cv_target_alias=x86_64-unknown-linux-gnu
ac_cv_type_size_t=yes
am_cv_CC_dependencies_compiler_type=gcc3
ax_cv_func_posix_memalign_works=yes

## ----------------- ##
## Output variables. ##
## ----------------- ##

ACLOCAL='aclocal-1.9'
AMDEPBACKSLASH='\'
AMDEP_FALSE='#'
AMDEP_TRUE=''
AMTAR='tar'
AUTOCONF='autoconf'
AUTOHEADER='autoheader'
AUTOMAKE='automake-1.9'
AWK='mawk'
CC='gcc'
CCDEPMODE='depmode=gcc3'
CFLAGS='-g -O2'
CFLAGSIEEE=''
CPP='gcc -E'
CPPFLAGS=''
CYGPATH_W='echo'
DEFS='-DHAVE_CONFIG_H'
DEPDIR='.deps'
ECHO_C=''
ECHO_N='-n'
ECHO_T=''
EGREP='grep -E'
EXEEXT=''
INCLUDESINTER=''
INSTALL_DATA='${INSTALL} -m 644'
INSTALL_PROGRAM='${INSTALL}'
INSTALL_SCRIPT='${INSTALL}'
INSTALL_STRIP_PROGRAM='${SHELL} $(install_sh) -c -s'
LDADDINTER=''
LDFLAGS=''
LEX='flex'
LEXLIB=''
LEX_OUTPUT_ROOT=''
LIBOBJS=''
LIBS='-lm '
LTLIBOBJS=''
MAKEINFO='makeinfo'
OBJEXT='o'
PACKAGE='dbacl'
PACKAGE_BUGREPORT='laird@lbreyer.com'
PACKAGE_NAME='dbacl'
PACKAGE_STRING='dbacl 1.12'
PACKAGE_TARNAME='dbacl'
PACKAGE_VERSION='1.12'
PATH_SEPARATOR=':'
SET_MAKE=''
SHELL='/bin/bash'
STRIP=''
VERSION='1.12'
YACC='yacc'
ac_ct_CC='gcc'
ac_ct_STRIP=''
am__fastdepCC_FALSE='#'
am__fastdepCC_TRUE=''
am__include='include'
am__leading_dot='.'
am__quote=''
am__tar='${AMTAR} chof - "$$tardir"'
am__untar='${AMTAR} xf -'
bindir='${exec_prefix}/bin'
build='x86_64-unknown-linux-gnu'
build_alias=''
build_cpu='x86_64'
build_os='linux-gnu'
build_vendor='unknown'
datadir='${prefix}/share'
exec_prefix='${prefix}'
host='x86_64-unknown-linux-gnu'
host_alias=''
host_cpu='x86_64'
host_os='linux-gnu'
host_vendor='unknown'
includedir='${prefix}/include'
infodir='${prefix}/info'
install_sh='/home/benhaynor/Documents/FunProjects/RideMapper/dbacl/dbacl-1.12/config/install-sh'
libdir='${exec_prefix}/lib'
libexecdir='${exec_prefix}/libexec'
localstatedir='${prefix}/var'
mandir='${prefix}/man'
mkdir_p='mkdir -p --'
oldincludedir='/usr/include'
prefix='/usr/local'
program_transform_name='s,x,x,'
sbindir='${exec_prefix}/sbin'
sharedstatedir='${prefix}/com'
sysconfdir='${prefix}/etc'
target='x86_64-unknown-linux-gnu'
target_alias=''
target_cpu='x86_64'
target_os='linux-gnu'
target_vendor='unknown'

## ----------- ##
## confdefs.h. ##
## ----------- ##

#define HAVE_FEATURES_H 1
#define HAVE_GETPAGESIZE 1
#define HAVE_GETPAGESIZE 1
#define HAVE_INTTYPES_H 1
#define HAVE_LANGINFO_H 1
#define HAVE_LIBM 1
#define HAVE_MADVISE 1
#define HAVE_MBRTOWC 1
#define HAVE_MEMORY_H 1
#define HAVE_MMAP 1
#define HAVE_NETINET_IN_H 1
#define HAVE_POSIX_MEMALIGN 1
#define HAVE_SIGACTION 1
#define HAVE_STDINT_H 1
#define HAVE_STDLIB_H 1
#define HAVE_STDLIB_H 1
#define HAVE_STRINGS_H 1
#define HAVE_STRING_H 1
#define HAVE_SYS_MMAN_H 1
#define HAVE_SYS_STAT_H 1
#define HAVE_SYS_TYPES_H 1
#define HAVE_UNISTD_H 1
#define HAVE_UNISTD_H 1
#define HAVE_UNISTD_H 1
#define HAVE_VPRINTF 1
#define HAVE_WCHAR_H 1
#define HAVE_WCSTOL 1
#define HAVE_WCTYPE_H 1
#define OS_LINUX
#define PACKAGE_BUGREPORT "laird@lbreyer.com"
#define PACKAGE_NAME "dbacl"
#define PACKAGE_STRING "dbacl 1.12"
#define PACKAGE_TARNAME "dbacl"
#define PACKAGE_VERSION "1.12"
#define PROTOTYPES 1
#define STDC_HEADERS 1
#define STDC_HEADERS 1
#define TARGETCPU "x86_64-unknown-linux-gnu"
#define _GNU_SOURCE 1
#define __PROTOTYPES 1

configure: exit 0
